Determining if the pthread_create exist failed with the following output:
Change Dir: /home/robot11/catkin_ws/src/atest_gui/build/CMakeFiles/CMakeTmp

Run Build Command:"/usr/bin/make" "cmTC_18d51/fast"
/usr/bin/make -f CMakeFiles/cmTC_18d51.dir/build.make CMakeFiles/cmTC_18d51.dir/build
make[1]: 디렉터리 '/home/robot11/catkin_ws/src/atest_gui/build/CMakeFiles/CMakeTmp' 들어감
Building C object CMakeFiles/cmTC_18d51.dir/CheckSymbolExists.c.o
/usr/bin/cc     -o CMakeFiles/cmTC_18d51.dir/CheckSymbolExists.c.o   -c /home/robot11/catkin_ws/src/atest_gui/build/CMakeFiles/CMakeTmp/CheckSymbolExists.c
Linking C executable cmTC_18d51
/usr/bin/cmake -E cmake_link_script CMakeFiles/cmTC_18d51.dir/link.txt --verbose=1
/usr/bin/cc       CMakeFiles/cmTC_18d51.dir/CheckSymbolExists.c.o  -o cmTC_18d51 -rdynamic 
CMakeFiles/cmTC_18d51.dir/CheckSymbolExists.c.o: In function `main':
CheckSymbolExists.c:(.text+0x16): undefined reference to `pthread_create'
collect2: error: ld returned 1 exit status
CMakeFiles/cmTC_18d51.dir/build.make:97: 'cmTC_18d51' 타겟에 대한 명령이 실패했습니다
make[1]: *** [cmTC_18d51] 오류 1
make[1]: 디렉터리 '/home/robot11/catkin_ws/src/atest_gui/build/CMakeFiles/CMakeTmp' 나감
Makefile:126: 'cmTC_18d51/fast' 타겟에 대한 명령이 실패했습니다
make: *** [cmTC_18d51/fast] 오류 2

File /home/robot11/catkin_ws/src/atest_gui/build/CMakeFiles/CMakeTmp/CheckSymbolExists.c:
/* */
#include <pthread.h>

int main(int argc, char** argv)
{
  (void)argv;
#ifndef pthread_create
  return ((int*)(&pthread_create))[argc];
#else
  (void)argc;
  return 0;
#endif
}

Determining if the function pthread_create exists in the pthreads failed with the following output:
Change Dir: /home/robot11/catkin_ws/src/atest_gui/build/CMakeFiles/CMakeTmp

Run Build Command:"/usr/bin/make" "cmTC_68457/fast"
/usr/bin/make -f CMakeFiles/cmTC_68457.dir/build.make CMakeFiles/cmTC_68457.dir/build
make[1]: 디렉터리 '/home/robot11/catkin_ws/src/atest_gui/build/CMakeFiles/CMakeTmp' 들어감
Building C object CMakeFiles/cmTC_68457.dir/CheckFunctionExists.c.o
/usr/bin/cc    -DCHECK_FUNCTION_EXISTS=pthread_create   -o CMakeFiles/cmTC_68457.dir/CheckFunctionExists.c.o   -c /usr/share/cmake-3.5/Modules/CheckFunctionExists.c
Linking C executable cmTC_68457
/usr/bin/cmake -E cmake_link_script CMakeFiles/cmTC_68457.dir/link.txt --verbose=1
/usr/bin/cc   -DCHECK_FUNCTION_EXISTS=pthread_create    CMakeFiles/cmTC_68457.dir/CheckFunctionExists.c.o  -o cmTC_68457 -rdynamic -lpthreads 
/usr/bin/ld: cannot find -lpthreads
collect2: error: ld returned 1 exit status
CMakeFiles/cmTC_68457.dir/build.make:97: 'cmTC_68457' 타겟에 대한 명령이 실패했습니다
make[1]: *** [cmTC_68457] 오류 1
make[1]: 디렉터리 '/home/robot11/catkin_ws/src/atest_gui/build/CMakeFiles/CMakeTmp' 나감
Makefile:126: 'cmTC_68457/fast' 타겟에 대한 명령이 실패했습니다
make: *** [cmTC_68457/fast] 오류 2


Determining if the Q_WS_WIN exist failed with the following output:
Change Dir: /home/robot11/catkin_ws/src/atest_gui/build/CMakeFiles/CMakeTmp

Run Build Command:"/usr/bin/make" "cmTC_21f24/fast"
/usr/bin/make -f CMakeFiles/cmTC_21f24.dir/build.make CMakeFiles/cmTC_21f24.dir/build
make[1]: 디렉터리 '/home/robot11/catkin_ws/src/atest_gui/build/CMakeFiles/CMakeTmp' 들어감
Building CXX object CMakeFiles/cmTC_21f24.dir/CheckSymbolExists.cxx.o
/usr/bin/c++    -I/usr/include/qt4   -o CMakeFiles/cmTC_21f24.dir/CheckSymbolExists.cxx.o -c /home/robot11/catkin_ws/src/atest_gui/build/CMakeFiles/CMakeTmp/CheckSymbolExists.cxx
/home/robot11/catkin_ws/src/atest_gui/build/CMakeFiles/CMakeTmp/CheckSymbolExists.cxx: In function ‘int main(int, char**)’:
/home/robot11/catkin_ws/src/atest_gui/build/CMakeFiles/CMakeTmp/CheckSymbolExists.cxx:8:19: error: ‘Q_WS_WIN’ was not declared in this scope
   return ((int*)(&Q_WS_WIN))[argc];
                   ^
CMakeFiles/cmTC_21f24.dir/build.make:65: 'CMakeFiles/cmTC_21f24.dir/CheckSymbolExists.cxx.o' 타겟에 대한 명령이 실패했습니다
make[1]: *** [CMakeFiles/cmTC_21f24.dir/CheckSymbolExists.cxx.o] 오류 1
make[1]: 디렉터리 '/home/robot11/catkin_ws/src/atest_gui/build/CMakeFiles/CMakeTmp' 나감
Makefile:126: 'cmTC_21f24/fast' 타겟에 대한 명령이 실패했습니다
make: *** [cmTC_21f24/fast] 오류 2

File /home/robot11/catkin_ws/src/atest_gui/build/CMakeFiles/CMakeTmp/CheckSymbolExists.cxx:
/* */
#include <QtCore/qglobal.h>

int main(int argc, char** argv)
{
  (void)argv;
#ifndef Q_WS_WIN
  return ((int*)(&Q_WS_WIN))[argc];
#else
  (void)argc;
  return 0;
#endif
}

Determining if the Q_WS_QWS exist failed with the following output:
Change Dir: /home/robot11/catkin_ws/src/atest_gui/build/CMakeFiles/CMakeTmp

Run Build Command:"/usr/bin/make" "cmTC_ac997/fast"
/usr/bin/make -f CMakeFiles/cmTC_ac997.dir/build.make CMakeFiles/cmTC_ac997.dir/build
make[1]: 디렉터리 '/home/robot11/catkin_ws/src/atest_gui/build/CMakeFiles/CMakeTmp' 들어감
Building CXX object CMakeFiles/cmTC_ac997.dir/CheckSymbolExists.cxx.o
/usr/bin/c++    -I/usr/include/qt4   -o CMakeFiles/cmTC_ac997.dir/CheckSymbolExists.cxx.o -c /home/robot11/catkin_ws/src/atest_gui/build/CMakeFiles/CMakeTmp/CheckSymbolExists.cxx
/home/robot11/catkin_ws/src/atest_gui/build/CMakeFiles/CMakeTmp/CheckSymbolExists.cxx: In function ‘int main(int, char**)’:
/home/robot11/catkin_ws/src/atest_gui/build/CMakeFiles/CMakeTmp/CheckSymbolExists.cxx:8:19: error: ‘Q_WS_QWS’ was not declared in this scope
   return ((int*)(&Q_WS_QWS))[argc];
                   ^
CMakeFiles/cmTC_ac997.dir/build.make:65: 'CMakeFiles/cmTC_ac997.dir/CheckSymbolExists.cxx.o' 타겟에 대한 명령이 실패했습니다
make[1]: *** [CMakeFiles/cmTC_ac997.dir/CheckSymbolExists.cxx.o] 오류 1
make[1]: 디렉터리 '/home/robot11/catkin_ws/src/atest_gui/build/CMakeFiles/CMakeTmp' 나감
Makefile:126: 'cmTC_ac997/fast' 타겟에 대한 명령이 실패했습니다
make: *** [cmTC_ac997/fast] 오류 2

File /home/robot11/catkin_ws/src/atest_gui/build/CMakeFiles/CMakeTmp/CheckSymbolExists.cxx:
/* */
#include <QtCore/qglobal.h>

int main(int argc, char** argv)
{
  (void)argv;
#ifndef Q_WS_QWS
  return ((int*)(&Q_WS_QWS))[argc];
#else
  (void)argc;
  return 0;
#endif
}

Determining if the Q_WS_MAC exist failed with the following output:
Change Dir: /home/robot11/catkin_ws/src/atest_gui/build/CMakeFiles/CMakeTmp

Run Build Command:"/usr/bin/make" "cmTC_7653a/fast"
/usr/bin/make -f CMakeFiles/cmTC_7653a.dir/build.make CMakeFiles/cmTC_7653a.dir/build
make[1]: 디렉터리 '/home/robot11/catkin_ws/src/atest_gui/build/CMakeFiles/CMakeTmp' 들어감
Building CXX object CMakeFiles/cmTC_7653a.dir/CheckSymbolExists.cxx.o
/usr/bin/c++    -I/usr/include/qt4   -o CMakeFiles/cmTC_7653a.dir/CheckSymbolExists.cxx.o -c /home/robot11/catkin_ws/src/atest_gui/build/CMakeFiles/CMakeTmp/CheckSymbolExists.cxx
/home/robot11/catkin_ws/src/atest_gui/build/CMakeFiles/CMakeTmp/CheckSymbolExists.cxx: In function ‘int main(int, char**)’:
/home/robot11/catkin_ws/src/atest_gui/build/CMakeFiles/CMakeTmp/CheckSymbolExists.cxx:8:19: error: ‘Q_WS_MAC’ was not declared in this scope
   return ((int*)(&Q_WS_MAC))[argc];
                   ^
CMakeFiles/cmTC_7653a.dir/build.make:65: 'CMakeFiles/cmTC_7653a.dir/CheckSymbolExists.cxx.o' 타겟에 대한 명령이 실패했습니다
make[1]: *** [CMakeFiles/cmTC_7653a.dir/CheckSymbolExists.cxx.o] 오류 1
make[1]: 디렉터리 '/home/robot11/catkin_ws/src/atest_gui/build/CMakeFiles/CMakeTmp' 나감
Makefile:126: 'cmTC_7653a/fast' 타겟에 대한 명령이 실패했습니다
make: *** [cmTC_7653a/fast] 오류 2

File /home/robot11/catkin_ws/src/atest_gui/build/CMakeFiles/CMakeTmp/CheckSymbolExists.cxx:
/* */
#include <QtCore/qglobal.h>

int main(int argc, char** argv)
{
  (void)argv;
#ifndef Q_WS_MAC
  return ((int*)(&Q_WS_MAC))[argc];
#else
  (void)argc;
  return 0;
#endif
}

